<?xml version="1.0" encoding="UTF-8"?>
<!-- Generated by org.testng.reporters.JUnitXMLReporter -->
<testsuite ignored="0" hostname="LM0002308" failures="0" tests="2" name="Command line test" time="3.318" errors="0" timestamp="2026-03-21T00:18:22 IST">
  <testcase classname="com.android.base.BaseTest" name="@BeforeMethod setup" time="2.533">
    <failure type="org.openqa.selenium.SessionNotCreatedException" message="Could not start a new session. Possible causes are invalid address of the remote server or browser start-up failure. 
Host info: host: &amp;apos;LM0002308&amp;apos;, ip: &amp;apos;2405:201:21:5099:d889:1c4e:68a5:8db0%en0&amp;apos;">
      <![CDATA[org.openqa.selenium.SessionNotCreatedException: Could not start a new session. Possible causes are invalid address of the remote server or browser start-up failure. 
Host info: host: 'LM0002308', ip: '2405:201:21:5099:d889:1c4e:68a5:8db0%en0'
at org.openqa.selenium.remote.RemoteWebDriver.execute(RemoteWebDriver.java:620)
at io.appium.java_client.AppiumDriver.startSession(AppiumDriver.java:274)
at org.openqa.selenium.remote.RemoteWebDriver.<init>(RemoteWebDriver.java:163)
at io.appium.java_client.AppiumDriver.<init>(AppiumDriver.java:89)
at io.appium.java_client.AppiumDriver.<init>(AppiumDriver.java:101)
at io.appium.java_client.android.AndroidDriver.<init>(AndroidDriver.java:113)
at com.android.base.BaseTest.setup(BaseTest.java:34)
at java.base/java.util.ArrayList.forEach(ArrayList.java:1511)
Caused by: org.openqa.selenium.WebDriverException: Connection refused
Build info: version: '4.13.0', revision: 'ba948ece5b*'
System info: os.name: 'Mac OS X', os.arch: 'x86_64', os.version: '11.6', java.version: '16.0.2'
Driver info: driver.version: AndroidDriver
at io.appium.java_client.remote.AppiumCommandExecutor.lambda$execute$4(AppiumCommandExecutor.java:262)
at java.base/java.util.Optional.orElseGet(Optional.java:364)
at io.appium.java_client.remote.AppiumCommandExecutor.execute(AppiumCommandExecutor.java:261)
at org.openqa.selenium.remote.RemoteWebDriver.execute(RemoteWebDriver.java:602)
... 48 more
Caused by: java.net.ConnectException: Connection refused
at java.base/sun.nio.ch.Net.pollConnect(Native Method)
at java.base/sun.nio.ch.Net.pollConnectNow(Net.java:669)
at java.base/sun.nio.ch.SocketChannelImpl.finishConnect(SocketChannelImpl.java:944)
at io.netty.channel.socket.nio.NioSocketChannel.doFinishConnect(NioSocketChannel.java:337)
at io.netty.channel.nio.AbstractNioChannel$AbstractNioUnsafe.finishConnect(AbstractNioChannel.java:334)
at io.netty.channel.nio.NioEventLoop.processSelectedKey(NioEventLoop.java:776)
at io.netty.channel.nio.NioEventLoop.processSelectedKeysOptimized(NioEventLoop.java:724)
at io.netty.channel.nio.NioEventLoop.processSelectedKeys(NioEventLoop.java:650)
at io.netty.channel.nio.NioEventLoop.run(NioEventLoop.java:562)
at io.netty.util.concurrent.SingleThreadEventExecutor$4.run(SingleThreadEventExecutor.java:997)
at io.netty.util.internal.ThreadExecutorMap$2.run(ThreadExecutorMap.java:74)
at io.netty.util.concurrent.FastThreadLocalRunnable.run(FastThreadLocalRunnable.java:30)
at java.base/java.lang.Thread.run(Thread.java:831)
... Removed 41 stack frames]]>
    </failure>
  </testcase> <!-- @BeforeMethod setup -->
  <testcase classname="com.android.base.BaseTest" name="@AfterMethod tearDown" time="0.0">
    <skipped/>
  </testcase> <!-- @AfterMethod tearDown -->
  <testcase classname="com.android.base.BaseTest" name="@BeforeMethod setup" time="0.017">
    <failure type="org.openqa.selenium.SessionNotCreatedException" message="Could not start a new session. Possible causes are invalid address of the remote server or browser start-up failure. 
Host info: host: &amp;apos;LM0002308&amp;apos;, ip: &amp;apos;2405:201:21:5099:d889:1c4e:68a5:8db0%en0&amp;apos;">
      <![CDATA[org.openqa.selenium.SessionNotCreatedException: Could not start a new session. Possible causes are invalid address of the remote server or browser start-up failure. 
Host info: host: 'LM0002308', ip: '2405:201:21:5099:d889:1c4e:68a5:8db0%en0'
at org.openqa.selenium.remote.RemoteWebDriver.execute(RemoteWebDriver.java:620)
at io.appium.java_client.AppiumDriver.startSession(AppiumDriver.java:274)
at org.openqa.selenium.remote.RemoteWebDriver.<init>(RemoteWebDriver.java:163)
at io.appium.java_client.AppiumDriver.<init>(AppiumDriver.java:89)
at io.appium.java_client.AppiumDriver.<init>(AppiumDriver.java:101)
at io.appium.java_client.android.AndroidDriver.<init>(AndroidDriver.java:113)
at com.android.base.BaseTest.setup(BaseTest.java:34)
at java.base/java.util.ArrayList.forEach(ArrayList.java:1511)
Caused by: org.openqa.selenium.WebDriverException: Connection refused
Build info: version: '4.13.0', revision: 'ba948ece5b*'
System info: os.name: 'Mac OS X', os.arch: 'x86_64', os.version: '11.6', java.version: '16.0.2'
Driver info: driver.version: AndroidDriver
at io.appium.java_client.remote.AppiumCommandExecutor.lambda$execute$4(AppiumCommandExecutor.java:262)
at java.base/java.util.Optional.orElseGet(Optional.java:364)
at io.appium.java_client.remote.AppiumCommandExecutor.execute(AppiumCommandExecutor.java:261)
at org.openqa.selenium.remote.RemoteWebDriver.execute(RemoteWebDriver.java:602)
... 48 more
Caused by: java.net.ConnectException: Connection refused
at java.base/sun.nio.ch.Net.pollConnect(Native Method)
at java.base/sun.nio.ch.Net.pollConnectNow(Net.java:669)
at java.base/sun.nio.ch.SocketChannelImpl.finishConnect(SocketChannelImpl.java:944)
at io.netty.channel.socket.nio.NioSocketChannel.doFinishConnect(NioSocketChannel.java:337)
at io.netty.channel.nio.AbstractNioChannel$AbstractNioUnsafe.finishConnect(AbstractNioChannel.java:334)
at io.netty.channel.nio.NioEventLoop.processSelectedKey(NioEventLoop.java:776)
at io.netty.channel.nio.NioEventLoop.processSelectedKeysOptimized(NioEventLoop.java:724)
at io.netty.channel.nio.NioEventLoop.processSelectedKeys(NioEventLoop.java:650)
at io.netty.channel.nio.NioEventLoop.run(NioEventLoop.java:562)
at io.netty.util.concurrent.SingleThreadEventExecutor$4.run(SingleThreadEventExecutor.java:997)
at io.netty.util.internal.ThreadExecutorMap$2.run(ThreadExecutorMap.java:74)
at io.netty.util.concurrent.FastThreadLocalRunnable.run(FastThreadLocalRunnable.java:30)
at java.base/java.lang.Thread.run(Thread.java:831)
... Removed 41 stack frames]]>
    </failure>
  </testcase> <!-- @BeforeMethod setup -->
  <testcase classname="com.android.base.BaseTest" name="@AfterMethod tearDown" time="0.0">
    <skipped/>
  </testcase> <!-- @AfterMethod tearDown -->
  <testcase classname="com.android.tests.ConnectionTest" name="testDeviceConnection" time="0.0">
    <skipped/>
  </testcase> <!-- testDeviceConnection -->
  <testcase classname="com.android.tests.AppStartTest" name="testAppLaunchAndVisibility" time="0.0">
    <skipped/>
  </testcase> <!-- testAppLaunchAndVisibility -->
</testsuite> <!-- Command line test -->
